
Thu, 17 Nov 2022 23:58:55 +0100 : NO senderId 

Thu, 17 Nov 2022 23:58:55 +0100 : NO concat 

Thu, 17 Nov 2022 23:58:55 +0100 : NO encoding

Thu, 17 Nov 2022 23:58:57 +0100 : Server Altiria response: OK dest:573015924663


Fri, 18 Nov 2022 01:07:38 +0100 : NO senderId 

Fri, 18 Nov 2022 01:07:38 +0100 : NO concat 

Fri, 18 Nov 2022 01:07:38 +0100 : NO encoding

Fri, 18 Nov 2022 01:07:42 +0100 : Server Altiria response: OK dest:573015924663


Fri, 18 Nov 2022 14:06:47 +0100 : NO senderId 

Fri, 18 Nov 2022 14:06:47 +0100 : NO concat 

Fri, 18 Nov 2022 14:06:47 +0100 : NO encoding

Fri, 18 Nov 2022 14:06:49 +0100 : Server Altiria response: OK dest:573015924663


Sat, 19 Nov 2022 01:56:45 +0100 : NO senderId 

Sat, 19 Nov 2022 01:56:45 +0100 : NO concat 

Sat, 19 Nov 2022 01:56:45 +0100 : NO encoding

Sat, 19 Nov 2022 01:56:53 +0100 : Server Altiria response: OK dest:573015924663


Sat, 19 Nov 2022 03:26:02 +0100 : NO senderId 

Sat, 19 Nov 2022 03:26:02 +0100 : NO concat 

Sat, 19 Nov 2022 03:26:02 +0100 : NO encoding

Sat, 19 Nov 2022 03:26:06 +0100 : Server Altiria response: OK dest:573015924663


Sat, 19 Nov 2022 03:26:42 +0100 : NO senderId 

Sat, 19 Nov 2022 03:26:42 +0100 : NO concat 

Sat, 19 Nov 2022 03:26:42 +0100 : NO encoding

Sat, 19 Nov 2022 03:26:46 +0100 : Server Altiria response: OK dest:573015924663


Tue, 22 Nov 2022 19:40:10 +0100 : NO senderId 

Tue, 22 Nov 2022 19:40:10 +0100 : NO concat 

Tue, 22 Nov 2022 19:40:10 +0100 : NO encoding

Tue, 22 Nov 2022 19:40:11 +0100 : Server Altiria response: OK dest:573015924663


Tue, 22 Nov 2022 19:41:37 +0100 : NO senderId 

Tue, 22 Nov 2022 19:41:37 +0100 : NO concat 

Tue, 22 Nov 2022 19:41:37 +0100 : NO encoding

Tue, 22 Nov 2022 19:41:38 +0100 : Server Altiria response: OK dest:573015924663


Wed, 23 Nov 2022 01:53:22 +0100 : NO senderId 

Wed, 23 Nov 2022 01:53:22 +0100 : NO concat 

Wed, 23 Nov 2022 01:53:22 +0100 : NO encoding

Wed, 23 Nov 2022 01:53:23 +0100 : Server Altiria response: OK dest:573015924663


Fri, 25 Nov 2022 17:47:35 +0100 : NO senderId 

Fri, 25 Nov 2022 17:47:35 +0100 : NO concat 

Fri, 25 Nov 2022 17:47:35 +0100 : NO encoding

Fri, 25 Nov 2022 17:47:42 +0100 : Server Altiria response: OK dest:573015924663


Fri, 25 Nov 2022 17:47:49 +0100 : NO senderId 

Fri, 25 Nov 2022 17:47:49 +0100 : NO concat 

Fri, 25 Nov 2022 17:47:49 +0100 : NO encoding

Fri, 25 Nov 2022 17:47:50 +0100 : Server Altiria response: OK dest:573015924663

